<?xml version="1.0" encoding="UTF-8"?>
<!-- Generated by org.testng.reporters.JUnitReportReporter -->
<testsuite hostname="DESKTOP-5G75CIH" failures="0" tests="1" name="practice.login" time="0.013" errors="0" timestamp="2023-09-30T12:10:02 IST" skipped="0">
  <testcase classname="practice.login" name="test1" time="0.013"/>
  <system-out/>
</testsuite> <!-- practice.login -->
